This file contains any messages produced by compilers while
running configure, to aid debugging if configure makes a mistake.

It was created by RNABranchIDViz configure 1.0, which was
generated by GNU Autoconf 2.69.  Invocation command line was

  $ ./configure 

## --------- ##
## Platform. ##
## --------- ##

hostname = tuxbox
uname -m = x86_64
uname -r = 4.10.0-38-generic
uname -s = Linux
uname -v = #42~16.04.1-Ubuntu SMP Tue Oct 10 16:32:20 UTC 2017

/usr/bin/uname -p = unknown
/bin/uname -X     = unknown

/bin/arch              = unknown
/usr/bin/arch -k       = unknown
/usr/convex/getsysinfo = unknown
/usr/bin/hostinfo      = unknown
/bin/machine           = unknown
/usr/bin/oslevel       = unknown
/bin/universe          = unknown

PATH: /home/maxie/bin
PATH: /home/maxie/.local/bin
PATH: /usr/local/sbin
PATH: /usr/local/bin
PATH: /usr/sbin
PATH: /usr/bin
PATH: /sbin
PATH: /bin
PATH: /usr/games
PATH: /usr/local/games


## ----------- ##
## Core tests. ##
## ----------- ##

configure:2325: checking for g++
configure:2341: found /usr/bin/g++
configure:2352: result: g++
configure:2379: checking for C++ compiler version
configure:2388: g++ --version >&5
g++ (Ubuntu 5.4.0-6ubuntu1~16.04.9) 5.4.0 20160609
Copyright (C) 2015 Free Software Foundation, Inc.
This is free software; see the source for copying conditions.  There is NO
warranty; not even for MERCHANTABILITY or FITNESS FOR A PARTICULAR PURPOSE.

configure:2399: $? = 0
configure:2388: g++ -v >&5
Using built-in specs.
COLLECT_GCC=g++
COLLECT_LTO_WRAPPER=/usr/lib/gcc/x86_64-linux-gnu/5/lto-wrapper
Target: x86_64-linux-gnu
Configured with: ../src/configure -v --with-pkgversion='Ubuntu 5.4.0-6ubuntu1~16.04.9' --with-bugurl=file:///usr/share/doc/gcc-5/README.Bugs --enable-languages=c,ada,c++,java,go,d,fortran,objc,obj-c++ --prefix=/usr --program-suffix=-5 --enable-shared --enable-linker-build-id --libexecdir=/usr/lib --without-included-gettext --enable-threads=posix --libdir=/usr/lib --enable-nls --with-sysroot=/ --enable-clocale=gnu --enable-libstdcxx-debug --enable-libstdcxx-time=yes --with-default-libstdcxx-abi=new --enable-gnu-unique-object --disable-vtable-verify --enable-libmpx --enable-plugin --with-system-zlib --disable-browser-plugin --enable-java-awt=gtk --enable-gtk-cairo --with-java-home=/usr/lib/jvm/java-1.5.0-gcj-5-amd64/jre --enable-java-home --with-jvm-root-dir=/usr/lib/jvm/java-1.5.0-gcj-5-amd64 --with-jvm-jar-dir=/usr/lib/jvm-exports/java-1.5.0-gcj-5-amd64 --with-arch-directory=amd64 --with-ecj-jar=/usr/share/java/eclipse-ecj.jar --enable-objc-gc --enable-multiarch --disable-werror --with-arch-32=i686 --with-abi=m64 --with-multilib-list=m32,m64,mx32 --enable-multilib --with-tune=generic --enable-checking=release --build=x86_64-linux-gnu --host=x86_64-linux-gnu --target=x86_64-linux-gnu
Thread model: posix
gcc version 5.4.0 20160609 (Ubuntu 5.4.0-6ubuntu1~16.04.9) 
configure:2399: $? = 0
configure:2388: g++ -V >&5
g++: error: unrecognized command line option '-V'
g++: fatal error: no input files
compilation terminated.
configure:2399: $? = 1
configure:2388: g++ -qversion >&5
g++: error: unrecognized command line option '-qversion'
g++: fatal error: no input files
compilation terminated.
configure:2399: $? = 1
configure:2419: checking whether the C++ compiler works
configure:2441: g++    conftest.cpp  >&5
configure:2445: $? = 0
configure:2493: result: yes
configure:2496: checking for C++ compiler default output file name
configure:2498: result: a.out
configure:2504: checking for suffix of executables
configure:2511: g++ -o conftest    conftest.cpp  >&5
configure:2515: $? = 0
configure:2537: result: 
configure:2559: checking whether we are cross compiling
configure:2567: g++ -o conftest    conftest.cpp  >&5
configure:2571: $? = 0
configure:2578: ./conftest
configure:2582: $? = 0
configure:2597: result: no
configure:2602: checking for suffix of object files
configure:2624: g++ -c   conftest.cpp >&5
configure:2628: $? = 0
configure:2649: result: o
configure:2653: checking whether we are using the GNU C++ compiler
configure:2672: g++ -c   conftest.cpp >&5
configure:2672: $? = 0
configure:2681: result: yes
configure:2690: checking whether g++ accepts -g
configure:2710: g++ -c -g  conftest.cpp >&5
configure:2710: $? = 0
configure:2751: result: yes
configure:2822: checking for gcc
configure:2838: found /usr/bin/gcc
configure:2849: result: gcc
configure:3078: checking for C compiler version
configure:3087: gcc --version >&5
gcc (Ubuntu 5.4.0-6ubuntu1~16.04.9) 5.4.0 20160609
Copyright (C) 2015 Free Software Foundation, Inc.
This is free software; see the source for copying conditions.  There is NO
warranty; not even for MERCHANTABILITY or FITNESS FOR A PARTICULAR PURPOSE.

configure:3098: $? = 0
configure:3087: gcc -v >&5
Using built-in specs.
COLLECT_GCC=gcc
COLLECT_LTO_WRAPPER=/usr/lib/gcc/x86_64-linux-gnu/5/lto-wrapper
Target: x86_64-linux-gnu
Configured with: ../src/configure -v --with-pkgversion='Ubuntu 5.4.0-6ubuntu1~16.04.9' --with-bugurl=file:///usr/share/doc/gcc-5/README.Bugs --enable-languages=c,ada,c++,java,go,d,fortran,objc,obj-c++ --prefix=/usr --program-suffix=-5 --enable-shared --enable-linker-build-id --libexecdir=/usr/lib --without-included-gettext --enable-threads=posix --libdir=/usr/lib --enable-nls --with-sysroot=/ --enable-clocale=gnu --enable-libstdcxx-debug --enable-libstdcxx-time=yes --with-default-libstdcxx-abi=new --enable-gnu-unique-object --disable-vtable-verify --enable-libmpx --enable-plugin --with-system-zlib --disable-browser-plugin --enable-java-awt=gtk --enable-gtk-cairo --with-java-home=/usr/lib/jvm/java-1.5.0-gcj-5-amd64/jre --enable-java-home --with-jvm-root-dir=/usr/lib/jvm/java-1.5.0-gcj-5-amd64 --with-jvm-jar-dir=/usr/lib/jvm-exports/java-1.5.0-gcj-5-amd64 --with-arch-directory=amd64 --with-ecj-jar=/usr/share/java/eclipse-ecj.jar --enable-objc-gc --enable-multiarch --disable-werror --with-arch-32=i686 --with-abi=m64 --with-multilib-list=m32,m64,mx32 --enable-multilib --with-tune=generic --enable-checking=release --build=x86_64-linux-gnu --host=x86_64-linux-gnu --target=x86_64-linux-gnu
Thread model: posix
gcc version 5.4.0 20160609 (Ubuntu 5.4.0-6ubuntu1~16.04.9) 
configure:3098: $? = 0
configure:3087: gcc -V >&5
gcc: error: unrecognized command line option '-V'
gcc: fatal error: no input files
compilation terminated.
configure:3098: $? = 1
configure:3087: gcc -qversion >&5
gcc: error: unrecognized command line option '-qversion'
gcc: fatal error: no input files
compilation terminated.
configure:3098: $? = 1
configure:3102: checking whether we are using the GNU C compiler
configure:3121: gcc -c   conftest.c >&5
configure:3121: $? = 0
configure:3130: result: yes
configure:3139: checking whether gcc accepts -g
configure:3159: gcc -c -g  conftest.c >&5
configure:3159: $? = 0
configure:3200: result: yes
configure:3217: checking for gcc option to accept ISO C89
configure:3280: gcc  -c -g -O2  conftest.c >&5
configure:3280: $? = 0
configure:3293: result: none needed
configure:3350: checking whether gcc understands -c and -o together
configure:3372: gcc -c conftest.c -o conftest2.o
configure:3375: $? = 0
configure:3372: gcc -c conftest.c -o conftest2.o
configure:3375: $? = 0
configure:3387: result: yes
configure:3434: checking for a BSD-compatible install
configure:3502: result: /usr/bin/install -c
configure:3513: checking whether build environment is sane
configure:3568: result: yes
configure:3716: checking for a thread-safe mkdir -p
configure:3755: result: /bin/mkdir -p
configure:3762: checking for gawk
configure:3778: found /usr/bin/gawk
configure:3789: result: gawk
configure:3800: checking whether make sets $(MAKE)
configure:3822: result: yes
configure:3852: checking for style of include used by make
configure:3880: result: GNU
configure:3914: checking whether make supports nested variables
configure:3931: result: yes
configure:4017: checking dependency style of gcc
configure:4128: result: gcc3
configure:4145: checking dependency style of g++
configure:4256: result: gcc3
configure:4425: checking that generated files are newer than configure
configure:4431: result: done
configure:4458: creating ./config.status

## ---------------------- ##
## Running config.status. ##
## ---------------------- ##

This file was extended by RNABranchIDViz config.status 1.0, which was
generated by GNU Autoconf 2.69.  Invocation command line was

  CONFIG_FILES    = 
  CONFIG_HEADERS  = 
  CONFIG_LINKS    = 
  CONFIG_COMMANDS = 
  $ ./config.status 

on tuxbox

config.status:855: creating Makefile
config.status:855: creating src/Makefile
config.status:855: creating rnabranchidviz_config.h
config.status:1084: executing depfiles commands
configure:5783: checking how to run the C preprocessor
configure:5814: gcc -E  conftest.c
configure:5814: $? = 0
configure:5828: gcc -E  conftest.c
conftest.c:11:28: fatal error: ac_nonexistent.h: No such file or directory
compilation terminated.
configure:5828: $? = 1
configure: failed program was:
| /* confdefs.h */
| #define PACKAGE_NAME "RNABranchIDViz"
| #define PACKAGE_TARNAME "rnabranchidviz"
| #define PACKAGE_VERSION "1.0"
| #define PACKAGE_STRING "RNABranchIDViz 1.0"
| #define PACKAGE_BUGREPORT "BUG-REPORT-ADDRESS"
| #define PACKAGE_URL ""
| #define PACKAGE "RNABranchIDViz"
| #define VERSION "1.0"
| /* end confdefs.h.  */
| #include <ac_nonexistent.h>
configure:5853: result: gcc -E
configure:5873: gcc -E  conftest.c
configure:5873: $? = 0
configure:5887: gcc -E  conftest.c
conftest.c:11:28: fatal error: ac_nonexistent.h: No such file or directory
compilation terminated.
configure:5887: $? = 1
configure: failed program was:
| /* confdefs.h */
| #define PACKAGE_NAME "RNABranchIDViz"
| #define PACKAGE_TARNAME "rnabranchidviz"
| #define PACKAGE_VERSION "1.0"
| #define PACKAGE_STRING "RNABranchIDViz 1.0"
| #define PACKAGE_BUGREPORT "BUG-REPORT-ADDRESS"
| #define PACKAGE_URL ""
| #define PACKAGE "RNABranchIDViz"
| #define VERSION "1.0"
| /* end confdefs.h.  */
| #include <ac_nonexistent.h>
configure:5916: checking for grep that handles long lines and -e
configure:5974: result: /bin/grep
configure:5979: checking for egrep
configure:6041: result: /bin/grep -E
configure:6046: checking for ANSI C header files
configure:6066: gcc -c -g -O2  conftest.c >&5
configure:6066: $? = 0
configure:6139: gcc -o conftest -g -O2   conftest.c  >&5
configure:6139: $? = 0
configure:6139: ./conftest
configure:6139: $? = 0
configure:6150: result: yes
configure:6163: checking for sys/types.h
configure:6163: gcc -c -g -O2  conftest.c >&5
configure:6163: $? = 0
configure:6163: result: yes
configure:6163: checking for sys/stat.h
configure:6163: gcc -c -g -O2  conftest.c >&5
configure:6163: $? = 0
configure:6163: result: yes
configure:6163: checking for stdlib.h
configure:6163: gcc -c -g -O2  conftest.c >&5
configure:6163: $? = 0
configure:6163: result: yes
configure:6163: checking for string.h
configure:6163: gcc -c -g -O2  conftest.c >&5
configure:6163: $? = 0
configure:6163: result: yes
configure:6163: checking for memory.h
configure:6163: gcc -c -g -O2  conftest.c >&5
configure:6163: $? = 0
configure:6163: result: yes
configure:6163: checking for strings.h
configure:6163: gcc -c -g -O2  conftest.c >&5
configure:6163: $? = 0
configure:6163: result: yes
configure:6163: checking for inttypes.h
configure:6163: gcc -c -g -O2  conftest.c >&5
configure:6163: $? = 0
configure:6163: result: yes
configure:6163: checking for stdint.h
configure:6163: gcc -c -g -O2  conftest.c >&5
configure:6163: $? = 0
configure:6163: result: yes
configure:6163: checking for unistd.h
configure:6163: gcc -c -g -O2  conftest.c >&5
configure:6163: $? = 0
configure:6163: result: yes
configure:6178: checking for stdlib.h
configure:6178: result: yes
configure:6178: checking for string.h
configure:6178: result: yes
configure:6178: checking for unistd.h
configure:6178: result: yes
configure:6190: checking for stdbool.h that conforms to C99
configure:6257: gcc -c -g -O2  conftest.c >&5
configure:6257: $? = 0
configure:6264: result: yes
configure:6266: checking for _Bool
configure:6266: gcc -c -g -O2  conftest.c >&5
configure:6266: $? = 0
configure:6266: gcc -c -g -O2  conftest.c >&5
conftest.c: In function 'main':
conftest.c:60:20: error: expected expression before ')' token
 if (sizeof ((_Bool)))
                    ^
configure:6266: $? = 1
configure: failed program was:
| /* confdefs.h */
| #define PACKAGE_NAME "RNABranchIDViz"
| #define PACKAGE_TARNAME "rnabranchidviz"
| #define PACKAGE_VERSION "1.0"
| #define PACKAGE_STRING "RNABranchIDViz 1.0"
| #define PACKAGE_BUGREPORT "BUG-REPORT-ADDRESS"
| #define PACKAGE_URL ""
| #define PACKAGE "RNABranchIDViz"
| #define VERSION "1.0"
| #define STDC_HEADERS 1
| #define HAVE_SYS_TYPES_H 1
| #define HAVE_SYS_STAT_H 1
| #define HAVE_STDLIB_H 1
| #define HAVE_STRING_H 1
| #define HAVE_MEMORY_H 1
| #define HAVE_STRINGS_H 1
| #define HAVE_INTTYPES_H 1
| #define HAVE_STDINT_H 1
| #define HAVE_UNISTD_H 1
| #define HAVE_STDLIB_H 1
| #define HAVE_STRING_H 1
| #define HAVE_UNISTD_H 1
| /* end confdefs.h.  */
| #include <stdio.h>
| #ifdef HAVE_SYS_TYPES_H
| # include <sys/types.h>
| #endif
| #ifdef HAVE_SYS_STAT_H
| # include <sys/stat.h>
| #endif
| #ifdef STDC_HEADERS
| # include <stdlib.h>
| # include <stddef.h>
| #else
| # ifdef HAVE_STDLIB_H
| #  include <stdlib.h>
| # endif
| #endif
| #ifdef HAVE_STRING_H
| # if !defined STDC_HEADERS && defined HAVE_MEMORY_H
| #  include <memory.h>
| # endif
| # include <string.h>
| #endif
| #ifdef HAVE_STRINGS_H
| # include <strings.h>
| #endif
| #ifdef HAVE_INTTYPES_H
| # include <inttypes.h>
| #endif
| #ifdef HAVE_STDINT_H
| # include <stdint.h>
| #endif
| #ifdef HAVE_UNISTD_H
| # include <unistd.h>
| #endif
| int
| main ()
| {
| if (sizeof ((_Bool)))
| 	    return 0;
|   ;
|   return 0;
| }
configure:6266: result: yes
configure:6283: checking for inline
configure:6299: gcc -c -g -O2  conftest.c >&5
configure:6299: $? = 0
configure:6307: result: inline
configure:6329: checking for stdlib.h
configure:6329: result: yes
configure:6339: checking for GNU libc compatible malloc
configure:6363: gcc -o conftest -g -O2   conftest.c  >&5
configure:6363: $? = 0
configure:6363: ./conftest
configure:6363: $? = 0
configure:6373: result: yes
configure:6396: checking for stdlib.h
configure:6396: result: yes
configure:6406: checking for GNU libc compatible realloc
configure:6430: gcc -o conftest -g -O2   conftest.c  >&5
configure:6430: $? = 0
configure:6430: ./conftest
configure:6430: $? = 0
configure:6440: result: yes
configure:6464: checking for getcwd
configure:6464: gcc -o conftest -g -O2   conftest.c  >&5
configure:6464: $? = 0
configure:6464: result: yes
configure:6464: checking for memset
configure:6464: gcc -o conftest -g -O2   conftest.c  >&5
conftest.c:54:6: warning: conflicting types for built-in function 'memset'
 char memset ();
      ^
configure:6464: $? = 0
configure:6464: result: yes
configure:6464: checking for sqrt
configure:6464: gcc -o conftest -g -O2   conftest.c  >&5
conftest.c:55:6: warning: conflicting types for built-in function 'sqrt'
 char sqrt ();
      ^
/tmp/ccguolAd.o: In function `main':
/home/maxie/RNA-projects/RNABranchIDViz/conftest.c:66: undefined reference to `sqrt'
collect2: error: ld returned 1 exit status
configure:6464: $? = 1
configure: failed program was:
| /* confdefs.h */
| #define PACKAGE_NAME "RNABranchIDViz"
| #define PACKAGE_TARNAME "rnabranchidviz"
| #define PACKAGE_VERSION "1.0"
| #define PACKAGE_STRING "RNABranchIDViz 1.0"
| #define PACKAGE_BUGREPORT "BUG-REPORT-ADDRESS"
| #define PACKAGE_URL ""
| #define PACKAGE "RNABranchIDViz"
| #define VERSION "1.0"
| #define STDC_HEADERS 1
| #define HAVE_SYS_TYPES_H 1
| #define HAVE_SYS_STAT_H 1
| #define HAVE_STDLIB_H 1
| #define HAVE_STRING_H 1
| #define HAVE_MEMORY_H 1
| #define HAVE_STRINGS_H 1
| #define HAVE_INTTYPES_H 1
| #define HAVE_STDINT_H 1
| #define HAVE_UNISTD_H 1
| #define HAVE_STDLIB_H 1
| #define HAVE_STRING_H 1
| #define HAVE_UNISTD_H 1
| #define HAVE__BOOL 1
| #define HAVE_STDBOOL_H 1
| #define HAVE_STDLIB_H 1
| #define HAVE_MALLOC 1
| #define HAVE_STDLIB_H 1
| #define HAVE_REALLOC 1
| #define HAVE_GETCWD 1
| #define HAVE_MEMSET 1
| /* end confdefs.h.  */
| /* Define sqrt to an innocuous variant, in case <limits.h> declares sqrt.
|    For example, HP-UX 11i <limits.h> declares gettimeofday.  */
| #define sqrt innocuous_sqrt
| 
| /* System header to define __stub macros and hopefully few prototypes,
|     which can conflict with char sqrt (); below.
|     Prefer <limits.h> to <assert.h> if __STDC__ is defined, since
|     <limits.h> exists even on freestanding compilers.  */
| 
| #ifdef __STDC__
| # include <limits.h>
| #else
| # include <assert.h>
| #endif
| 
| #undef sqrt
| 
| /* Override any GCC internal prototype to avoid an error.
|    Use char because int might match the return type of a GCC
|    builtin and then its argument prototype would still apply.  */
| #ifdef __cplusplus
| extern "C"
| #endif
| char sqrt ();
| /* The GNU C library defines this for functions which it implements
|     to always fail with ENOSYS.  Some functions are actually named
|     something starting with __ and the normal name is an alias.  */
| #if defined __stub_sqrt || defined __stub___sqrt
| choke me
| #endif
| 
| int
| main ()
| {
| return sqrt ();
|   ;
|   return 0;
| }
configure:6464: result: no
configure:6464: checking for strdup
configure:6464: gcc -o conftest -g -O2   conftest.c  >&5
conftest.c:55:6: warning: conflicting types for built-in function 'strdup'
 char strdup ();
      ^
configure:6464: $? = 0
configure:6464: result: yes
configure:6464: checking for strrchr
configure:6464: gcc -o conftest -g -O2   conftest.c  >&5
conftest.c:56:6: warning: conflicting types for built-in function 'strrchr'
 char strrchr ();
      ^
configure:6464: $? = 0
configure:6464: result: yes
configure:6583: checking that generated files are newer than configure
configure:6589: result: done
configure:6620: creating ./config.status

## ---------------------- ##
## Running config.status. ##
## ---------------------- ##

This file was extended by RNABranchIDViz config.status 1.0, which was
generated by GNU Autoconf 2.69.  Invocation command line was

  CONFIG_FILES    = 
  CONFIG_HEADERS  = 
  CONFIG_LINKS    = 
  CONFIG_COMMANDS = 
  $ ./config.status 

on tuxbox

config.status:878: creating Makefile
config.status:878: creating src/Makefile
config.status:878: creating rnabranchidviz_config.h
config.status:1107: executing depfiles commands

## ---------------- ##
## Cache variables. ##
## ---------------- ##

ac_cv_c_compiler_gnu=yes
ac_cv_c_inline=inline
ac_cv_cxx_compiler_gnu=yes
ac_cv_env_CCC_set=
ac_cv_env_CCC_value=
ac_cv_env_CC_set=
ac_cv_env_CC_value=
ac_cv_env_CFLAGS_set=
ac_cv_env_CFLAGS_value=
ac_cv_env_CPPFLAGS_set=
ac_cv_env_CPPFLAGS_value=
ac_cv_env_CPP_set=
ac_cv_env_CPP_value=
ac_cv_env_CXXFLAGS_set=
ac_cv_env_CXXFLAGS_value=
ac_cv_env_CXX_set=
ac_cv_env_CXX_value=
ac_cv_env_LDFLAGS_set=
ac_cv_env_LDFLAGS_value=
ac_cv_env_LIBS_set=
ac_cv_env_LIBS_value=
ac_cv_env_build_alias_set=
ac_cv_env_build_alias_value=
ac_cv_env_host_alias_set=
ac_cv_env_host_alias_value=
ac_cv_env_target_alias_set=
ac_cv_env_target_alias_value=
ac_cv_func_getcwd=yes
ac_cv_func_malloc_0_nonnull=yes
ac_cv_func_memset=yes
ac_cv_func_realloc_0_nonnull=yes
ac_cv_func_sqrt=no
ac_cv_func_strdup=yes
ac_cv_func_strrchr=yes
ac_cv_header_inttypes_h=yes
ac_cv_header_memory_h=yes
ac_cv_header_stdbool_h=yes
ac_cv_header_stdc=yes
ac_cv_header_stdint_h=yes
ac_cv_header_stdlib_h=yes
ac_cv_header_string_h=yes
ac_cv_header_strings_h=yes
ac_cv_header_sys_stat_h=yes
ac_cv_header_sys_types_h=yes
ac_cv_header_unistd_h=yes
ac_cv_objext=o
ac_cv_path_EGREP='/bin/grep -E'
ac_cv_path_GREP=/bin/grep
ac_cv_path_install='/usr/bin/install -c'
ac_cv_path_mkdir=/bin/mkdir
ac_cv_prog_AWK=gawk
ac_cv_prog_CPP='gcc -E'
ac_cv_prog_ac_ct_CC=gcc
ac_cv_prog_ac_ct_CXX=g++
ac_cv_prog_cc_c89=
ac_cv_prog_cc_g=yes
ac_cv_prog_cxx_g=yes
ac_cv_prog_make_make_set=yes
ac_cv_type__Bool=yes
am_cv_CC_dependencies_compiler_type=gcc3
am_cv_CXX_dependencies_compiler_type=gcc3
am_cv_make_support_nested_variables=yes
am_cv_prog_cc_c_o=yes

## ----------------- ##
## Output variables. ##
## ----------------- ##

ACLOCAL='${SHELL} /home/maxie/RNA-projects/RNABranchIDViz/missing aclocal-1.15'
AMDEPBACKSLASH='\'
AMDEP_FALSE='#'
AMDEP_TRUE=''
AMTAR='$${TAR-tar}'
AM_BACKSLASH='\'
AM_DEFAULT_V='$(AM_DEFAULT_VERBOSITY)'
AM_DEFAULT_VERBOSITY='1'
AM_V='$(V)'
AUTOCONF='${SHELL} /home/maxie/RNA-projects/RNABranchIDViz/missing autoconf'
AUTOHEADER='${SHELL} /home/maxie/RNA-projects/RNABranchIDViz/missing autoheader'
AUTOMAKE='${SHELL} /home/maxie/RNA-projects/RNABranchIDViz/missing automake-1.15'
AWK='gawk'
CC='gcc'
CCDEPMODE='depmode=gcc3'
CFLAGS='-g -O2'
CPP='gcc -E'
CPPFLAGS=''
CXX='g++'
CXXDEPMODE='depmode=gcc3'
CXXFLAGS='-g -O2'
CXXFLAGS_FLTK=' -I/usr/include/freetype2 -fPIE -fstack-protector-strong -Wformat -Werror=format-security   -D_THREAD_SAFE -D_REENTRANT'
CYGPATH_W='echo'
DEFS='-DHAVE_CONFIG_H'
DEPDIR='.deps'
ECHO_C=''
ECHO_N='-n'
ECHO_T=''
EGREP='/bin/grep -E'
EXEEXT=''
GREP='/bin/grep'
INSTALL_DATA='${INSTALL} -m 644'
INSTALL_PROGRAM='${INSTALL}'
INSTALL_SCRIPT='${INSTALL}'
INSTALL_STRIP_PROGRAM='$(install_sh) -c -s'
LDFLAGS=''
LDFLAGS_FLTK='/usr/lib/x86_64-linux-gnu/libfltk_forms.so /usr/lib/x86_64-linux-gnu/libfltk_gl.so /usr/lib/x86_64-linux-gnu/libfltk_images.so /usr/lib/x86_64-linux-gnu/libfltk.so '
LDFLAGS_MESA='/usr/lib/x86_64-linux-gnu/mesa/libGL.so.1 '
LDFLAGS_X11='-lX11'
LIBOBJS=''
LIBS=''
LTLIBOBJS=''
MAKEINFO='${SHELL} /home/maxie/RNA-projects/RNABranchIDViz/missing makeinfo'
MKDIR_P='/bin/mkdir -p'
OBJEXT='o'
PACKAGE='RNABranchIDViz'
PACKAGE_BUGREPORT='BUG-REPORT-ADDRESS'
PACKAGE_NAME='RNABranchIDViz'
PACKAGE_STRING='RNABranchIDViz 1.0'
PACKAGE_TARNAME='rnabranchidviz'
PACKAGE_URL=''
PACKAGE_VERSION='1.0'
PATH_SEPARATOR=':'
SET_MAKE=''
SHELL='/bin/bash'
STRIP=''
VERSION='1.0'
ac_ct_CC='gcc'
ac_ct_CXX='g++'
am__EXEEXT_FALSE=''
am__EXEEXT_TRUE='#'
am__fastdepCC_FALSE='#'
am__fastdepCC_TRUE=''
am__fastdepCXX_FALSE='#'
am__fastdepCXX_TRUE=''
am__include='include'
am__isrc=''
am__leading_dot='.'
am__nodep='_no'
am__quote=''
am__tar='$${TAR-tar} chof - "$$tardir"'
am__untar='$${TAR-tar} xf -'
bindir='${exec_prefix}/bin'
build_alias=''
datadir='${datarootdir}'
datarootdir='${prefix}/share'
docdir='${datarootdir}/doc/${PACKAGE_TARNAME}'
dvidir='${docdir}'
exec_prefix='${prefix}'
host_alias=''
htmldir='${docdir}'
includedir='${prefix}/include'
infodir='${datarootdir}/info'
install_sh='${SHELL} /home/maxie/RNA-projects/RNABranchIDViz/install-sh'
libdir='${exec_prefix}/lib'
libexecdir='${exec_prefix}/libexec'
localedir='${datarootdir}/locale'
localstatedir='${prefix}/var'
mandir='${datarootdir}/man'
mkdir_p='$(MKDIR_P)'
oldincludedir='/usr/include'
pdfdir='${docdir}'
prefix='/usr/local'
program_transform_name='s,x,x,'
psdir='${docdir}'
runstatedir='${localstatedir}/run'
sbindir='${exec_prefix}/sbin'
sharedstatedir='${prefix}/com'
sysconfdir='${prefix}/etc'
target_alias=''

## ----------- ##
## confdefs.h. ##
## ----------- ##

/* confdefs.h */
#define PACKAGE_NAME "RNABranchIDViz"
#define PACKAGE_TARNAME "rnabranchidviz"
#define PACKAGE_VERSION "1.0"
#define PACKAGE_STRING "RNABranchIDViz 1.0"
#define PACKAGE_BUGREPORT "BUG-REPORT-ADDRESS"
#define PACKAGE_URL ""
#define PACKAGE "RNABranchIDViz"
#define VERSION "1.0"
#define STDC_HEADERS 1
#define HAVE_SYS_TYPES_H 1
#define HAVE_SYS_STAT_H 1
#define HAVE_STDLIB_H 1
#define HAVE_STRING_H 1
#define HAVE_MEMORY_H 1
#define HAVE_STRINGS_H 1
#define HAVE_INTTYPES_H 1
#define HAVE_STDINT_H 1
#define HAVE_UNISTD_H 1
#define HAVE_STDLIB_H 1
#define HAVE_STRING_H 1
#define HAVE_UNISTD_H 1
#define HAVE__BOOL 1
#define HAVE_STDBOOL_H 1
#define HAVE_STDLIB_H 1
#define HAVE_MALLOC 1
#define HAVE_STDLIB_H 1
#define HAVE_REALLOC 1
#define HAVE_GETCWD 1
#define HAVE_MEMSET 1
#define HAVE_STRDUP 1
#define HAVE_STRRCHR 1

configure: exit 0
